2025-02-09 02:33:08,245 [INFO] Back to home
2025-02-09 02:33:54,743 [INFO] Scroll lock is off
2025-02-09 02:33:54,743 [INFO] Back to home
2025-02-09 02:34:40,504 [INFO] Scroll lock is off
2025-02-09 02:34:40,505 [INFO] Back to home
2025-02-09 02:34:40,521 [INFO] Click until found HOME_PAGE
2025-02-09 02:34:41,566 [INFO] Click until found HOME_PAGE
2025-02-09 02:34:42,575 [INFO] Click until found HOME_PAGE
2025-02-09 02:34:43,589 [INFO] Click until found HOME_PAGE
2025-02-09 02:34:44,604 [INFO] Click until found HOME_PAGE
2025-02-09 02:34:45,618 [INFO] Click until found HOME_PAGE
2025-02-09 02:34:46,623 [INFO] Click until found HOME_PAGE
2025-02-09 02:34:47,627 [INFO] Click until found HOME_PAGE
2025-02-09 02:34:48,630 [INFO] Click until found HOME_PAGE
2025-02-09 02:34:49,637 [INFO] Click until found HOME_PAGE
2025-02-09 02:34:50,651 [INFO] Click until found HOME_PAGE
2025-02-09 02:34:51,666 [INFO] Click until found HOME_PAGE
2025-02-09 02:34:52,680 [INFO] Click until found HOME_PAGE
2025-02-09 02:34:53,693 [INFO] Click until found HOME_PAGE
2025-02-09 02:34:54,710 [INFO] Click until found HOME_PAGE
2025-02-09 02:34:55,728 [INFO] Click until found HOME_PAGE
2025-02-09 02:34:56,742 [INFO] Click until found HOME_PAGE
2025-02-09 02:34:57,758 [INFO] Click until found HOME_PAGE
2025-02-09 02:34:58,761 [INFO] Click until found HOME_PAGE
2025-02-09 02:35:48,898 [INFO] Scroll lock is off
2025-02-09 02:35:48,903 [INFO] Back to home
2025-02-09 02:35:48,927 [INFO] Click until found HOME_PAGE
2025-02-09 02:35:48,957 [INFO] Click until found MAZE_BUTTON
2025-02-09 02:35:48,974 [INFO] Click until found BATTLE_GROUND
2025-02-09 02:35:48,990 [INFO] Click until found TRAIL_BUTTON
2025-02-09 02:35:49,006 [INFO] Setup finished
2025-02-09 02:35:58,023 [INFO] Click until found EXTREME_TRAIL
2025-02-09 02:35:59,027 [INFO] Click until found EXTREME_TRAIL
2025-02-09 02:36:00,043 [INFO] Click until found EXTREME_TRAIL
2025-02-09 02:36:01,052 [INFO] Click until found EXTREME_TRAIL
2025-02-09 02:36:02,065 [INFO] Click until found EXTREME_TRAIL
2025-02-09 02:36:03,079 [INFO] Click until found EXTREME_TRAIL
2025-02-09 02:36:04,094 [INFO] Click until found EXTREME_TRAIL
2025-02-09 02:36:05,108 [INFO] Click until found EXTREME_TRAIL
2025-02-09 02:36:06,122 [INFO] Click until found EXTREME_TRAIL
2025-02-09 02:36:07,123 [INFO] Click until found EXTREME_TRAIL
2025-02-09 02:37:02,179 [INFO] Back to home
2025-02-09 02:41:16,868 [INFO] Back to home
